21880:M 27 Mar 19:10:03.006 * No cluster configuration found, I'm 88b12ba841735de6268dc6d7e9e4f2f0758b8751
                _._                                                  
           _.-``__ ''-._                                             
      _.-``    `.  `_.  ''-._           Redis 3.2.11 (00000000/0) 64 bit
  .-`` .-```.  ```\/    _.,_ ''-._                                   
 (    '      ,       .-`  | `,    )     Running in cluster mode
 |`-._`-...-` __...-.``-._|'` _.-'|     Port: 7002
 |    `-._   `._    /     _.-'    |     PID: 21880
  `-._    `-._  `-./  _.-'    _.-'                                   
 |`-._`-._    `-.__.-'    _.-'_.-'|                                  
 |    `-._`-._        _.-'_.-'    |           http://redis.io        
  `-._    `-._`-.__.-'_.-'    _.-'                                   
 |`-._`-._    `-.__.-'    _.-'_.-'|                                  
 |    `-._`-._        _.-'_.-'    |                                  
  `-._    `-._`-.__.-'_.-'    _.-'                                   
      `-._    `-.__.-'    _.-'                                       
          `-._        _.-'                                           
              `-.__.-'                                               

21880:M 27 Mar 19:10:03.040 # WARNING: The TCP backlog setting of 511 cannot be enforced because /proc/sys/net/core/somaxconn is set to the lower value of 128.
21880:M 27 Mar 19:10:03.040 # Server started, Redis version 3.2.11
21880:M 27 Mar 19:10:03.040 # WARNING you have Transparent Huge Pages (THP) support enabled in your kernel. This will create latency and memory usage issues with Redis. To fix this issue run the command 'echo never > /sys/kernel/mm/transparent_hugepage/enabled' as root, and add it to your /etc/rc.local in order to retain the setting after a reboot. Redis must be restarted after THP is disabled.
21880:M 27 Mar 19:10:03.041 * The server is now ready to accept connections on port 7002
21880:M 27 Mar 19:10:43.099 # configEpoch set to 2 via CLUSTER SET-CONFIG-EPOCH
21880:M 27 Mar 19:10:43.223 # IP address for this node updated to 10.135.177.148
21880:M 27 Mar 19:10:46.131 * Slave 10.135.177.148:7005 asks for synchronization
21880:M 27 Mar 19:10:46.131 * Full resync requested by slave 10.135.177.148:7005
21880:M 27 Mar 19:10:46.131 * Starting BGSAVE for SYNC with target: disk
21880:M 27 Mar 19:10:46.131 * Background saving started by pid 21931
21931:C 27 Mar 19:10:46.140 * DB saved on disk
21931:C 27 Mar 19:10:46.140 * RDB: 0 MB of memory used by copy-on-write
21880:M 27 Mar 19:10:46.231 * Background saving terminated with success
21880:M 27 Mar 19:10:46.231 * Synchronization with slave 10.135.177.148:7005 succeeded
21880:M 27 Mar 19:10:48.034 # Cluster state changed: ok
